<?xml version="1.0" encoding="UTF-8"?>
<!-- Generated by org.testng.reporters.JUnitReportReporter -->
<testsuite hostname="LAPTOP-6V6OQRFJ" failures="0" tests="1" name="testpkg.Saucelogintest" time="2.373" errors="0" timestamp="2024-09-30T17:14:45 IST" skipped="0">
  <testcase classname="testpkg.Saucelogintest" name="verifyLoginWithValidCred" time="2.373"/>
  <system-out/>
</testsuite> <!-- testpkg.Saucelogintest -->
